0 info it worked if it ends with ok
1 verbose cli [ 'C:\\Program Files\\nodejs\\\\node.exe',
1 verbose cli   'C:\\Program Files\\nodejs\\node_modules\\npm\\bin\\npm-cli.js',
1 verbose cli   'i',
1 verbose cli   '--save',
1 verbose cli   'express' ]
2 info using npm@1.4.28
3 info using node@v0.10.32
4 verbose node symlink C:\Program Files\nodejs\\node.exe
5 verbose readDependencies using package.json deps
6 verbose cache add [ 'express', null ]
7 verbose cache add name=undefined spec="express" args=["express",null]
8 verbose parsed url { protocol: null,
8 verbose parsed url   slashes: null,
8 verbose parsed url   auth: null,
8 verbose parsed url   host: null,
8 verbose parsed url   port: null,
8 verbose parsed url   hostname: null,
8 verbose parsed url   hash: null,
8 verbose parsed url   search: null,
8 verbose parsed url   query: null,
8 verbose parsed url   pathname: 'express',
8 verbose parsed url   path: 'express',
8 verbose parsed url   href: 'express' }
9 silly lockFile f3c62de4-express express
10 verbose lock express C:\Users\InesSoft_Usr\AppData\Roaming\npm-cache\f3c62de4-express.lock
11 silly lockFile f3c62de4-express express
12 silly lockFile f3c62de4-express express
13 verbose addNamed [ 'express', '' ]
14 verbose addNamed [ null, '*' ]
15 silly lockFile 64a534c1-express express@
16 verbose lock express@ C:\Users\InesSoft_Usr\AppData\Roaming\npm-cache\64a534c1-express.lock
17 silly addNameRange { name: 'express', range: '*', hasData: false }
18 verbose request where is /express
19 verbose request registry http://192.168.45.120:4873/
20 verbose request id 134f55086d079534
21 verbose url raw /express
22 verbose url resolving [ 'http://192.168.45.120:4873/', './express' ]
23 verbose url resolved http://192.168.45.120:4873/express
24 verbose request where is http://192.168.45.120:4873/express
25 info trying registry request attempt 1 at 14:44:52
26 http GET http://192.168.45.120:4873/express
27 info retry will retry, error on last attempt: Error: connect ETIMEDOUT
28 info trying registry request attempt 2 at 14:45:23
29 http GET http://192.168.45.120:4873/express
30 info retry will retry, error on last attempt: Error: connect ETIMEDOUT
31 info trying registry request attempt 3 at 14:46:44
32 http GET http://192.168.45.120:4873/express
33 silly lockFile 64a534c1-express express@
34 silly lockFile 64a534c1-express express@
35 error network connect ETIMEDOUT
35 error network This is most likely not a problem with npm itself
35 error network and is related to network connectivity.
35 error network In most cases you are behind a proxy or have bad network settings.
35 error network
35 error network If you are behind a proxy, please make sure that the
35 error network 'proxy' config is set properly.  See: 'npm help config'
36 error System Windows_NT 6.1.7601
37 error command "C:\\Program Files\\nodejs\\\\node.exe" "C:\\Program Files\\nodejs\\node_modules\\npm\\bin\\npm-cli.js" "i" "--save" "express"
38 error cwd C:\Users\InesSoft_Usr\Desktop\sandbox
39 error node -v v0.10.32
40 error npm -v 1.4.28
41 error syscall connect
42 error code ETIMEDOUT
43 error errno ETIMEDOUT
44 verbose exit [ 1, true ]
